<?xml version="1.0" encoding="UTF-8"?>
<testsuite name="ClientTest" tests="4" skipped="0" failures="0" errors="0" timestamp="2016-05-08T05:33:43" hostname="epicodus-39.local" time="0.021">
  <properties/>
  <testcase name="client_instantiatesCorrectly_True" classname="ClientTest" time="0.004"/>
  <testcase name="getName_clientInstantiatesWithName_String" classname="ClientTest" time="0.004"/>
  <testcase name="all_emptyAtFirst" classname="ClientTest" time="0.008"/>
  <testcase name="equals_returnsTrueifNameIsTheSame" classname="ClientTest" time="0.004"/>
  <system-out><![CDATA[]]></system-out>
  <system-err><![CDATA[]]></system-err>
</testsuite>
