<?xml version="1.0" encoding="UTF-8"?>
<testsuite name="ClientTest" tests="6" skipped="0" failures="0" errors="0" timestamp="2016-05-10T02:25:44" hostname="epicodus-39.local" time="0.046">
  <properties/>
  <testcase name="find_findsClientInDatabase_true" classname="ClientTest" time="0.013"/>
  <testcase name="client_instantiatesCorrectly_True" classname="ClientTest" time="0.004"/>
  <testcase name="getName_clientInstantiatesWithName_String" classname="ClientTest" time="0.004"/>
  <testcase name="all_emptyAtFirst" classname="ClientTest" time="0.007"/>
  <testcase name="equals_returnsTrueifNameIsTheSame" classname="ClientTest" time="0.004"/>
  <testcase name="save_assignsIdToObject" classname="ClientTest" time="0.012"/>
  <system-out><![CDATA[]]></system-out>
  <system-err><![CDATA[]]></system-err>
</testsuite>
