<?xml version="1.0" encoding="UTF-8"?>
<testsuite name="StylistTest" tests="7" skipped="0" failures="0" errors="0" timestamp="2016-05-10T02:25:44" hostname="epicodus-39.local" time="0.057">
  <properties/>
  <testcase name="getStylistName_stylistInstantiatesWithStylistName_String" classname="StylistTest" time="0.004"/>
  <testcase name="Stylist_instantiatesCorrectly_True" classname="StylistTest" time="0.004"/>
  <testcase name="all_emptyAtFirst" classname="StylistTest" time="0.007"/>
  <testcase name="find_findsStylistInDatabase_true" classname="StylistTest" time="0.012"/>
  <testcase name="save_returnsTrueIfDescriptionsAreTheSame" classname="StylistTest" time="0.012"/>
  <testcase name="equals_returnsTrueIfTypesAreTheSame" classname="StylistTest" time="0.004"/>
  <testcase name="save_assignsIdToObject" classname="StylistTest" time="0.012"/>
  <system-out><![CDATA[]]></system-out>
  <system-err><![CDATA[]]></system-err>
</testsuite>
