<?xml version="1.0" encoding="UTF-8"?>
<testsuite name="StylistTest" tests="2" skipped="0" failures="0" errors="0" timestamp="2016-05-06T19:21:41" hostname="epicodus-39.local" time="0.001">
  <properties/>
  <testcase name="getStylistName_stylistInstantiatesWithStylistName_String" classname="StylistTest" time="0.001"/>
  <testcase name="Stylist_instantiatesCorrectly_True" classname="StylistTest" time="0.0"/>
  <system-out><![CDATA[]]></system-out>
  <system-err><![CDATA[]]></system-err>
</testsuite>
